<?xml version="1.0" encoding="UTF-8"?>
<!-- Generated by org.testng.reporters.JUnitXMLReporter -->
<testsuite ignored="0" hostname="sivas7008" failures="0" tests="8" name="Surefire test" time="6.297" errors="0" timestamp="2024-10-18T14:24:03 CDT">
  <testcase classname="api.test.UserTests" name="testPostUser" time="2.403"/>
  <testcase classname="api.test.UserTests" name="testGetUser" time="1.538"/>
  <testcase classname="api.test.UserTests" name="testGetUserByName" time="0.389"/>
  <testcase classname="api.test.UserTests" name="testGetUserById" time="0.397"/>
  <testcase classname="api.test.UserTests" name="testPutUserById" time="0.376"/>
  <testcase classname="api.test.UserTests" name="testDeleteUserByName" time="0.378"/>
  <testcase classname="api.test.UserTests" name="testPostUseragain" time="0.398"/>
  <testcase classname="api.test.UserTests" name="testDeleteUserById" time="0.368"/>
</testsuite> <!-- Surefire test -->
