<?xml version="1.0" encoding="UTF-8"?>
<!-- Generated by org.testng.reporters.JUnitXMLReporter -->
<testsuite ignored="0" hostname="sivas7008" failures="0" tests="8" name="Default test" time="20.352" errors="0" timestamp="2024-10-19T13:12:35 CDT">
  <testcase classname="api.test.UserTests" name="testPostUser" time="14.635"/>
  <testcase classname="api.test.UserTests" name="testGetUser" time="2.732"/>
  <testcase classname="api.test.UserTests" name="testGetUserByName" time="0.803"/>
  <testcase classname="api.test.UserTests" name="testGetUserById" time="0.411"/>
  <testcase classname="api.test.UserTests" name="testPutUserById" time="0.478"/>
  <testcase classname="api.test.UserTests" name="testDeleteUserByName" time="0.395"/>
  <testcase classname="api.test.UserTests" name="testPostUseragain" time="0.449"/>
  <testcase classname="api.test.UserTests" name="testDeleteUserById" time="0.396"/>
</testsuite> <!-- Default test -->
