<?xml version="1.0" encoding="UTF-8"?>
<!-- Generated by org.testng.reporters.JUnitXMLReporter -->
<testsuite ignored="0" hostname="sivas7008" failures="0" tests="8" name="Test" time="8.69" errors="0" timestamp="2024-10-19T13:51:09 CDT">
  <testcase classname="api.test.UserTests" name="testPostUser" time="4.161"/>
  <testcase classname="api.test.UserTests" name="testGetUser" time="1.81"/>
  <testcase classname="api.test.UserTests" name="testGetUserByName" time="0.5"/>
  <testcase classname="api.test.UserTests" name="testGetUserById" time="0.384"/>
  <testcase classname="api.test.UserTests" name="testPutUserById" time="0.5"/>
  <testcase classname="api.test.UserTests" name="testDeleteUserByName" time="0.392"/>
  <testcase classname="api.test.UserTests" name="testPostUseragain" time="0.473"/>
  <testcase classname="api.test.UserTests" name="testDeleteUserById" time="0.4"/>
</testsuite> <!-- Test -->
