<?xml version="1.0" encoding="UTF-8"?>
<testng-results ignored="0" total="8" passed="8" failed="0" skipped="0">
  <reporter-output>
  </reporter-output>
  <suite started-at="2024-10-19T13:51:00 CDT" name="Suite" finished-at="2024-10-19T13:51:09 CDT" duration-ms="8690">
    <groups>
    </groups>
    <test started-at="2024-10-19T13:51:00 CDT" name="Test" finished-at="2024-10-19T13:51:09 CDT" duration-ms="8690">
      <class name="api.test.UserTests">
        <test-method signature="testPostUser()[pri:1, instance:api.test.UserTests@77888435]" started-at="2024-10-19T13:51:00 CDT" name="testPostUser" finished-at="2024-10-19T13:51:05 CDT" duration-ms="4161" status="PASS">
          <reporter-output>
          </reporter-output>
        </test-method> <!-- testPostUser -->
        <test-method signature="testGetUser()[pri:2, instance:api.test.UserTests@77888435]" started-at="2024-10-19T13:51:05 CDT" name="testGetUser" finished-at="2024-10-19T13:51:06 CDT" duration-ms="1810" status="PASS">
          <reporter-output>
          </reporter-output>
        </test-method> <!-- testGetUser -->
        <test-method signature="testGetUserByName()[pri:3, instance:api.test.UserTests@77888435]" started-at="2024-10-19T13:51:06 CDT" name="testGetUserByName" finished-at="2024-10-19T13:51:07 CDT" duration-ms="500" status="PASS">
          <reporter-output>
          </reporter-output>
        </test-method> <!-- testGetUserByName -->
        <test-method signature="testGetUserById()[pri:4, instance:api.test.UserTests@77888435]" started-at="2024-10-19T13:51:07 CDT" name="testGetUserById" finished-at="2024-10-19T13:51:07 CDT" duration-ms="384" status="PASS">
          <reporter-output>
          </reporter-output>
        </test-method> <!-- testGetUserById -->
        <test-method signature="testPutUserById()[pri:5, instance:api.test.UserTests@77888435]" started-at="2024-10-19T13:51:07 CDT" name="testPutUserById" finished-at="2024-10-19T13:51:08 CDT" duration-ms="500" status="PASS">
          <reporter-output>
          </reporter-output>
        </test-method> <!-- testPutUserById -->
        <test-method signature="testDeleteUserByName()[pri:6, instance:api.test.UserTests@77888435]" started-at="2024-10-19T13:51:08 CDT" name="testDeleteUserByName" finished-at="2024-10-19T13:51:08 CDT" duration-ms="392" status="PASS">
          <reporter-output>
          </reporter-output>
        </test-method> <!-- testDeleteUserByName -->
        <test-method signature="testPostUseragain()[pri:7, instance:api.test.UserTests@77888435]" started-at="2024-10-19T13:51:08 CDT" name="testPostUseragain" finished-at="2024-10-19T13:51:09 CDT" duration-ms="473" status="PASS">
          <reporter-output>
          </reporter-output>
        </test-method> <!-- testPostUseragain -->
        <test-method signature="testDeleteUserById()[pri:8, instance:api.test.UserTests@77888435]" started-at="2024-10-19T13:51:09 CDT" name="testDeleteUserById" finished-at="2024-10-19T13:51:09 CDT" duration-ms="400" status="PASS">
          <reporter-output>
          </reporter-output>
        </test-method> <!-- testDeleteUserById -->
      </class> <!-- api.test.UserTests -->
    </test> <!-- Test -->
  </suite> <!-- Suite -->
</testng-results>
