<?xml version="1.0" encoding="UTF-8"?>
<testng-results ignored="0" total="8" passed="8" failed="0" skipped="0">
  <reporter-output>
  </reporter-output>
  <suite started-at="2024-10-19T13:12:15 CDT" name="Default suite" finished-at="2024-10-19T13:12:35 CDT" duration-ms="20352">
    <groups>
    </groups>
    <test started-at="2024-10-19T13:12:15 CDT" name="Default test" finished-at="2024-10-19T13:12:35 CDT" duration-ms="20352">
      <class name="api.test.UserTests">
        <test-method signature="testPostUser()[pri:1, instance:api.test.UserTests@45752059]" started-at="2024-10-19T13:12:15 CDT" name="testPostUser" finished-at="2024-10-19T13:12:30 CDT" duration-ms="14635" status="PASS">
          <reporter-output>
          </reporter-output>
        </test-method> <!-- testPostUser -->
        <test-method signature="testGetUser()[pri:2, instance:api.test.UserTests@45752059]" started-at="2024-10-19T13:12:30 CDT" name="testGetUser" finished-at="2024-10-19T13:12:32 CDT" duration-ms="2732" status="PASS">
          <reporter-output>
          </reporter-output>
        </test-method> <!-- testGetUser -->
        <test-method signature="testGetUserByName()[pri:3, instance:api.test.UserTests@45752059]" started-at="2024-10-19T13:12:32 CDT" name="testGetUserByName" finished-at="2024-10-19T13:12:33 CDT" duration-ms="803" status="PASS">
          <reporter-output>
          </reporter-output>
        </test-method> <!-- testGetUserByName -->
        <test-method signature="testGetUserById()[pri:4, instance:api.test.UserTests@45752059]" started-at="2024-10-19T13:12:33 CDT" name="testGetUserById" finished-at="2024-10-19T13:12:34 CDT" duration-ms="411" status="PASS">
          <reporter-output>
          </reporter-output>
        </test-method> <!-- testGetUserById -->
        <test-method signature="testPutUserById()[pri:5, instance:api.test.UserTests@45752059]" started-at="2024-10-19T13:12:34 CDT" name="testPutUserById" finished-at="2024-10-19T13:12:34 CDT" duration-ms="478" status="PASS">
          <reporter-output>
          </reporter-output>
        </test-method> <!-- testPutUserById -->
        <test-method signature="testDeleteUserByName()[pri:6, instance:api.test.UserTests@45752059]" started-at="2024-10-19T13:12:34 CDT" name="testDeleteUserByName" finished-at="2024-10-19T13:12:34 CDT" duration-ms="395" status="PASS">
          <reporter-output>
          </reporter-output>
        </test-method> <!-- testDeleteUserByName -->
        <test-method signature="testPostUseragain()[pri:7, instance:api.test.UserTests@45752059]" started-at="2024-10-19T13:12:34 CDT" name="testPostUseragain" finished-at="2024-10-19T13:12:35 CDT" duration-ms="449" status="PASS">
          <reporter-output>
          </reporter-output>
        </test-method> <!-- testPostUseragain -->
        <test-method signature="testDeleteUserById()[pri:8, instance:api.test.UserTests@45752059]" started-at="2024-10-19T13:12:35 CDT" name="testDeleteUserById" finished-at="2024-10-19T13:12:35 CDT" duration-ms="396" status="PASS">
          <reporter-output>
          </reporter-output>
        </test-method> <!-- testDeleteUserById -->
      </class> <!-- api.test.UserTests -->
    </test> <!-- Default test -->
  </suite> <!-- Default suite -->
</testng-results>
